timestamp=2026-04-05T16:37:27.949Z level=INFO fiber=#20 message="starting workflow run" engine:run=0ms runId=run-1775407046946 allowNetwork=false hotReload=false maxConcurrency=4 service=smithers workflowPath=/home/amiller/projects/tee-daemon/workflows/explore-rfc.tsx resume=false rootDir=/home/amiller/projects/tee-daemon/workflows
453 |     message: string,
454 |     details?: Record<string, unknown>,
455 |     options: SmithersErrorOptions = {},
456 |   ) {
457 |     const docsUrl = getSmithersErrorDocsUrl(code);
458 |     super(
          ^
SmithersError: Task deps require a workflow context. Build the workflow with createSmithers(). See https://smithers.sh/reference/errors
 summary: "Task deps require a workflow context. Build the workflow with createSmithers().",
 docsUrl: "https://smithers.sh/reference/errors",
 details: undefined,
   cause: undefined,
    code: "CONTEXT_OUTSIDE_WORKFLOW"

      at new SmithersError (/home/amiller/projects/tee-daemon/node_modules/smithers-orchestrator/src/utils/errors.ts:458:5)
      at Task (/home/amiller/projects/tee-daemon/node_modules/smithers-orchestrator/src/components/Task.ts:205:11)
      at react-stack-bottom-frame (/home/amiller/projects/tee-daemon/node_modules/react-reconciler/cjs/react-reconciler.development.js:14492:20)
      at renderWithHooks (/home/amiller/projects/tee-daemon/node_modules/react-reconciler/cjs/react-reconciler.development.js:3914:22)
      at updateFunctionComponent (/home/amiller/projects/tee-daemon/node_modules/react-reconciler/cjs/react-reconciler.development.js:6059:19)
      at runWithFiberInDEV (/home/amiller/projects/tee-daemon/node_modules/react-reconciler/cjs/react-reconciler.development.js:522:16)
      at performUnitOfWork (/home/amiller/projects/tee-daemon/node_modules/react-reconciler/cjs/react-reconciler.development.js:12649:22)
      at workLoopSync (/home/amiller/projects/tee-daemon/node_modules/react-reconciler/cjs/react-reconciler.development.js:12461:41)
      at renderRootSync (/home/amiller/projects/tee-daemon/node_modules/react-reconciler/cjs/react-reconciler.development.js:12441:11)
      at performWorkOnRoot (/home/amiller/projects/tee-daemon/node_modules/react-reconciler/cjs/react-reconciler.development.js:11960:44)
      at performSyncWorkOnRoot (/home/amiller/projects/tee-daemon/node_modules/react-reconciler/cjs/react-reconciler.development.js:2152:7)
      at flushSyncWorkAcrossRoots_impl (/home/amiller/projects/tee-daemon/node_modules/react-reconciler/cjs/react-reconciler.development.js:2013:21)
      at flushSyncWork (/home/amiller/projects/tee-daemon/node_modules/react-reconciler/cjs/react-reconciler.development.js:12216:12)
      at render (/home/amiller/projects/tee-daemon/node_modules/smithers-orchestrator/src/dom/renderer.ts:226:25)
      at render (/home/amiller/projects/tee-daemon/node_modules/smithers-orchestrator/src/dom/renderer.ts:224:16)
      at runWorkflowBody (/home/amiller/projects/tee-daemon/node_modules/smithers-orchestrator/src/engine/index.ts:4543:61)
An error occurred in the <Task> component.

Consider adding an error boundary to your tree to customize error handling behavior.
Visit https://react.dev/link/error-boundaries to learn more about error boundaries.


Bun v1.2.15 (Linux x64)
